2025-10-08 17:25:41 - [INFO] - uvicorn.error - Uvicorn running on http://127.0.0.1:8000 (Press CTRL+C to quit)
2025-10-08 17:25:41 - [INFO] - uvicorn.error - Started reloader process [38732] using WatchFiles
2025-10-08 17:25:42 - [INFO] - uvicorn.error - Started server process [24912]
2025-10-08 17:25:42 - [INFO] - uvicorn.error - Waiting for application startup.
2025-10-08 17:25:42 - [INFO] - sqlalchemy.engine.Engine - select pg_catalog.version()
2025-10-08 17:25:42 - [INFO] - sqlalchemy.engine.Engine - [raw sql] {}
2025-10-08 17:25:42 - [INFO] - sqlalchemy.engine.Engine - select current_schema()
2025-10-08 17:25:42 - [INFO] - sqlalchemy.engine.Engine - [raw sql] {}
2025-10-08 17:25:42 - [INFO] - sqlalchemy.engine.Engine - show standard_conforming_strings
2025-10-08 17:25:42 - [INFO] - sqlalchemy.engine.Engine - [raw sql] {}
2025-10-08 17:25:42 - [INFO] - sqlalchemy.engine.Engine - BEGIN (implicit)
2025-10-08 17:25:42 - [INFO] - sqlalchemy.engine.Engine - SELECT pg_catalog.pg_class.relname 
FROM pg_catalog.pg_class JOIN pg_catalog.pg_namespace ON pg_catalog.pg_namespace.oid = pg_catalog.pg_class.relnamespace 
WHERE pg_catalog.pg_class.relname = %(table_name)s AND pg_catalog.pg_class.relkind = ANY (ARRAY[%(param_1)s, %(param_2)s, %(param_3)s, %(param_4)s, %(param_5)s]) AND pg_catalog.pg_table_is_visible(pg_catalog.pg_class.oid) AND pg_catalog.pg_namespace.nspname != %(nspname_1)s
2025-10-08 17:25:42 - [INFO] - sqlalchemy.engine.Engine - [generated in 0.00070s] {'table_name': 'shortenerlink', 'param_1': 'r', 'param_2': 'p', 'param_3': 'f', 'param_4': 'v', 'param_5': 'm', 'nspname_1': 'pg_catalog'}
2025-10-08 17:25:42 - [INFO] - sqlalchemy.engine.Engine - SELECT pg_catalog.pg_class.relname 
FROM pg_catalog.pg_class JOIN pg_catalog.pg_namespace ON pg_catalog.pg_namespace.oid = pg_catalog.pg_class.relnamespace 
WHERE pg_catalog.pg_class.relname = %(table_name)s AND pg_catalog.pg_class.relkind = ANY (ARRAY[%(param_1)s, %(param_2)s, %(param_3)s, %(param_4)s, %(param_5)s]) AND pg_catalog.pg_table_is_visible(pg_catalog.pg_class.oid) AND pg_catalog.pg_namespace.nspname != %(nspname_1)s
2025-10-08 17:25:42 - [INFO] - sqlalchemy.engine.Engine - [cached since 0.003278s ago] {'table_name': 'apikey', 'param_1': 'r', 'param_2': 'p', 'param_3': 'f', 'param_4': 'v', 'param_5': 'm', 'nspname_1': 'pg_catalog'}
2025-10-08 17:25:42 - [INFO] - sqlalchemy.engine.Engine - 
CREATE TABLE apikey (
	id UUID NOT NULL, 
	key_hash VARCHAR NOT NULL, 
	created_at TIMESTAMP WITHOUT TIME ZONE NOT NULL, 
	PRIMARY KEY (id)
)


2025-10-08 17:25:42 - [INFO] - sqlalchemy.engine.Engine - [no key 0.00067s] {}
2025-10-08 17:25:42 - [INFO] - sqlalchemy.engine.Engine - CREATE INDEX ix_apikey_key_hash ON apikey (key_hash)
2025-10-08 17:25:42 - [INFO] - sqlalchemy.engine.Engine - [no key 0.00043s] {}
2025-10-08 17:25:42 - [INFO] - sqlalchemy.engine.Engine - COMMIT
2025-10-08 17:25:42 - [INFO] - uvicorn.error - Application startup complete.
2025-10-08 17:25:44 - [INFO] - watchfiles.main - 1 change detected
2025-10-08 17:25:44 - [INFO] - watchfiles.main - 1 change detected
2025-10-08 17:25:45 - [INFO] - watchfiles.main - 1 change detected
2025-10-08 17:25:45 - [INFO] - watchfiles.main - 1 change detected
2025-10-08 17:25:45 - [INFO] - watchfiles.main - 1 change detected
2025-10-08 17:25:46 - [INFO] - watchfiles.main - 1 change detected
2025-10-08 17:25:46 - [INFO] - watchfiles.main - 1 change detected
2025-10-08 17:25:47 - [INFO] - watchfiles.main - 1 change detected
2025-10-08 17:25:47 - [INFO] - watchfiles.main - 1 change detected
2025-10-08 17:25:47 - [INFO] - watchfiles.main - 1 change detected
2025-10-08 17:25:48 - [INFO] - watchfiles.main - 1 change detected
2025-10-08 17:25:48 - [INFO] - watchfiles.main - 1 change detected
2025-10-08 17:25:49 - [INFO] - watchfiles.main - 1 change detected
2025-10-08 17:25:49 - [INFO] - watchfiles.main - 1 change detected
2025-10-08 17:25:49 - [INFO] - watchfiles.main - 1 change detected
2025-10-08 17:25:50 - [INFO] - watchfiles.main - 1 change detected
2025-10-08 17:25:50 - [INFO] - watchfiles.main - 1 change detected
2025-10-08 17:25:51 - [INFO] - watchfiles.main - 1 change detected
2025-10-08 17:25:51 - [INFO] - watchfiles.main - 1 change detected
2025-10-08 17:25:51 - [INFO] - watchfiles.main - 1 change detected
2025-10-08 17:25:52 - [INFO] - watchfiles.main - 1 change detected
2025-10-08 17:25:52 - [INFO] - watchfiles.main - 1 change detected
2025-10-08 17:25:53 - [INFO] - watchfiles.main - 1 change detected
2025-10-08 17:25:53 - [INFO] - watchfiles.main - 1 change detected
2025-10-08 17:25:53 - [INFO] - watchfiles.main - 1 change detected
2025-10-08 17:25:54 - [INFO] - watchfiles.main - 1 change detected
2025-10-08 17:25:54 - [INFO] - watchfiles.main - 1 change detected
2025-10-08 17:25:55 - [INFO] - watchfiles.main - 1 change detected
2025-10-08 17:25:55 - [INFO] - watchfiles.main - 1 change detected
2025-10-08 17:25:55 - [INFO] - watchfiles.main - 1 change detected
2025-10-08 17:25:56 - [INFO] - watchfiles.main - 1 change detected
2025-10-08 17:25:56 - [INFO] - watchfiles.main - 1 change detected
2025-10-08 17:25:57 - [INFO] - watchfiles.main - 1 change detected
2025-10-08 17:25:57 - [INFO] - watchfiles.main - 1 change detected
2025-10-08 17:25:57 - [INFO] - watchfiles.main - 1 change detected
2025-10-08 17:25:58 - [INFO] - watchfiles.main - 1 change detected
2025-10-08 17:25:58 - [INFO] - watchfiles.main - 1 change detected
2025-10-08 17:25:59 - [INFO] - watchfiles.main - 1 change detected
2025-10-08 17:25:59 - [INFO] - watchfiles.main - 1 change detected
2025-10-08 17:25:59 - [INFO] - watchfiles.main - 1 change detected
2025-10-08 17:26:00 - [INFO] - watchfiles.main - 1 change detected
2025-10-08 17:26:00 - [INFO] - watchfiles.main - 1 change detected
2025-10-08 17:26:00 - [INFO] - watchfiles.main - 1 change detected
2025-10-08 17:26:01 - [INFO] - watchfiles.main - 1 change detected
2025-10-08 17:26:01 - [INFO] - watchfiles.main - 1 change detected
2025-10-08 17:26:02 - [INFO] - watchfiles.main - 1 change detected
2025-10-08 17:26:02 - [INFO] - watchfiles.main - 1 change detected
2025-10-08 17:26:02 - [INFO] - watchfiles.main - 1 change detected
2025-10-08 17:26:03 - [INFO] - watchfiles.main - 1 change detected
2025-10-08 17:26:03 - [INFO] - watchfiles.main - 1 change detected
2025-10-08 17:26:04 - [INFO] - watchfiles.main - 1 change detected
2025-10-08 17:26:04 - [INFO] - watchfiles.main - 1 change detected
2025-10-08 17:26:04 - [INFO] - watchfiles.main - 1 change detected
2025-10-08 17:26:05 - [INFO] - watchfiles.main - 1 change detected
2025-10-08 17:26:05 - [INFO] - watchfiles.main - 1 change detected
2025-10-08 17:26:06 - [INFO] - watchfiles.main - 1 change detected
2025-10-08 17:26:06 - [INFO] - watchfiles.main - 1 change detected
2025-10-08 17:26:06 - [INFO] - watchfiles.main - 1 change detected
2025-10-08 17:26:07 - [INFO] - watchfiles.main - 1 change detected
2025-10-08 17:26:07 - [INFO] - watchfiles.main - 1 change detected
2025-10-08 17:26:08 - [INFO] - watchfiles.main - 1 change detected
2025-10-08 17:26:08 - [INFO] - watchfiles.main - 1 change detected
2025-10-08 17:26:08 - [INFO] - watchfiles.main - 1 change detected
2025-10-08 17:26:09 - [INFO] - watchfiles.main - 1 change detected
2025-10-08 17:26:09 - [INFO] - watchfiles.main - 1 change detected
2025-10-08 17:26:10 - [INFO] - watchfiles.main - 1 change detected
2025-10-08 17:26:10 - [INFO] - watchfiles.main - 1 change detected
2025-10-08 17:26:10 - [INFO] - watchfiles.main - 1 change detected
2025-10-08 17:26:11 - [INFO] - watchfiles.main - 1 change detected
2025-10-08 17:26:11 - [INFO] - watchfiles.main - 1 change detected
2025-10-08 17:26:12 - [INFO] - watchfiles.main - 1 change detected
2025-10-08 17:26:12 - [INFO] - watchfiles.main - 1 change detected
2025-10-08 17:26:12 - [INFO] - watchfiles.main - 1 change detected
2025-10-08 17:26:13 - [INFO] - watchfiles.main - 1 change detected
2025-10-08 17:26:13 - [INFO] - watchfiles.main - 1 change detected
2025-10-08 17:26:14 - [INFO] - watchfiles.main - 1 change detected
2025-10-08 17:26:14 - [INFO] - watchfiles.main - 1 change detected
2025-10-08 17:26:14 - [INFO] - watchfiles.main - 1 change detected
2025-10-08 17:26:15 - [INFO] - watchfiles.main - 1 change detected
2025-10-08 17:26:15 - [INFO] - watchfiles.main - 1 change detected
2025-10-08 17:26:16 - [INFO] - watchfiles.main - 1 change detected
2025-10-08 17:26:16 - [INFO] - watchfiles.main - 1 change detected
2025-10-08 17:26:16 - [INFO] - watchfiles.main - 1 change detected
2025-10-08 17:26:17 - [INFO] - watchfiles.main - 1 change detected
2025-10-08 17:26:17 - [INFO] - watchfiles.main - 1 change detected
2025-10-08 17:26:18 - [INFO] - watchfiles.main - 1 change detected
2025-10-08 17:26:18 - [INFO] - watchfiles.main - 1 change detected
2025-10-08 17:26:18 - [INFO] - watchfiles.main - 1 change detected
2025-10-08 17:26:19 - [INFO] - watchfiles.main - 1 change detected
2025-10-08 17:26:19 - [INFO] - watchfiles.main - 1 change detected
2025-10-08 17:26:20 - [INFO] - watchfiles.main - 1 change detected
2025-10-08 17:26:20 - [INFO] - watchfiles.main - 1 change detected
2025-10-08 17:26:20 - [INFO] - watchfiles.main - 1 change detected
2025-10-08 17:26:21 - [INFO] - watchfiles.main - 1 change detected
2025-10-08 17:26:21 - [INFO] - watchfiles.main - 1 change detected
2025-10-08 17:26:22 - [INFO] - watchfiles.main - 1 change detected
2025-10-08 17:26:22 - [INFO] - watchfiles.main - 1 change detected
2025-10-08 17:26:22 - [INFO] - watchfiles.main - 1 change detected
2025-10-08 17:26:23 - [INFO] - watchfiles.main - 1 change detected
2025-10-08 17:26:23 - [INFO] - watchfiles.main - 1 change detected
2025-10-08 17:26:24 - [INFO] - watchfiles.main - 1 change detected
2025-10-08 17:26:24 - [INFO] - watchfiles.main - 1 change detected
2025-10-08 17:26:24 - [INFO] - watchfiles.main - 1 change detected
2025-10-08 17:26:25 - [INFO] - watchfiles.main - 1 change detected
2025-10-08 17:26:25 - [INFO] - watchfiles.main - 1 change detected
2025-10-08 17:26:26 - [INFO] - watchfiles.main - 1 change detected
2025-10-08 17:26:26 - [INFO] - watchfiles.main - 1 change detected
2025-10-08 17:26:26 - [INFO] - watchfiles.main - 1 change detected
2025-10-08 17:26:27 - [INFO] - watchfiles.main - 1 change detected
2025-10-08 17:26:27 - [INFO] - watchfiles.main - 1 change detected
2025-10-08 17:26:28 - [INFO] - watchfiles.main - 1 change detected
2025-10-08 17:26:28 - [INFO] - watchfiles.main - 1 change detected
2025-10-08 17:26:28 - [INFO] - watchfiles.main - 1 change detected
2025-10-08 17:26:29 - [INFO] - watchfiles.main - 1 change detected
2025-10-08 17:26:29 - [INFO] - watchfiles.main - 1 change detected
2025-10-08 17:26:30 - [INFO] - watchfiles.main - 1 change detected
2025-10-08 17:26:30 - [INFO] - watchfiles.main - 1 change detected
2025-10-08 17:26:30 - [INFO] - watchfiles.main - 1 change detected
2025-10-08 17:26:31 - [INFO] - watchfiles.main - 1 change detected
2025-10-08 17:26:31 - [INFO] - watchfiles.main - 1 change detected
2025-10-08 17:26:32 - [INFO] - watchfiles.main - 1 change detected
2025-10-08 17:26:32 - [INFO] - watchfiles.main - 1 change detected
2025-10-08 17:26:32 - [INFO] - watchfiles.main - 1 change detected
2025-10-08 17:26:33 - [INFO] - watchfiles.main - 1 change detected
2025-10-08 17:26:33 - [INFO] - watchfiles.main - 1 change detected
2025-10-08 17:26:34 - [INFO] - watchfiles.main - 1 change detected
2025-10-08 17:26:34 - [INFO] - watchfiles.main - 1 change detected
2025-10-08 17:26:34 - [INFO] - watchfiles.main - 1 change detected
2025-10-08 17:26:35 - [INFO] - watchfiles.main - 1 change detected
2025-10-08 17:26:35 - [INFO] - watchfiles.main - 1 change detected
2025-10-08 17:26:36 - [INFO] - watchfiles.main - 1 change detected
2025-10-08 17:26:36 - [INFO] - watchfiles.main - 1 change detected
2025-10-08 17:26:36 - [INFO] - watchfiles.main - 1 change detected
2025-10-08 17:26:37 - [INFO] - watchfiles.main - 1 change detected
2025-10-08 17:26:37 - [INFO] - watchfiles.main - 1 change detected
2025-10-08 17:26:38 - [INFO] - watchfiles.main - 1 change detected
2025-10-08 17:26:38 - [INFO] - watchfiles.main - 1 change detected
2025-10-08 17:26:38 - [INFO] - watchfiles.main - 1 change detected
2025-10-08 17:26:39 - [INFO] - watchfiles.main - 1 change detected
2025-10-08 17:26:39 - [INFO] - watchfiles.main - 1 change detected
2025-10-08 17:26:40 - [INFO] - watchfiles.main - 1 change detected
2025-10-08 17:26:40 - [INFO] - watchfiles.main - 1 change detected
2025-10-08 17:26:40 - [INFO] - watchfiles.main - 1 change detected
2025-10-08 17:26:41 - [INFO] - watchfiles.main - 1 change detected
2025-10-08 17:26:41 - [INFO] - watchfiles.main - 1 change detected
2025-10-08 17:26:42 - [INFO] - watchfiles.main - 1 change detected
2025-10-08 17:26:42 - [INFO] - watchfiles.main - 1 change detected
2025-10-08 17:26:42 - [INFO] - watchfiles.main - 1 change detected
2025-10-08 17:26:43 - [INFO] - watchfiles.main - 1 change detected
2025-10-08 17:26:43 - [INFO] - watchfiles.main - 1 change detected
2025-10-08 17:26:44 - [INFO] - watchfiles.main - 1 change detected
2025-10-08 17:26:44 - [INFO] - watchfiles.main - 1 change detected
2025-10-08 17:26:44 - [INFO] - watchfiles.main - 1 change detected
2025-10-08 17:26:45 - [INFO] - watchfiles.main - 1 change detected
2025-10-08 17:26:45 - [INFO] - watchfiles.main - 1 change detected
2025-10-08 17:26:46 - [INFO] - watchfiles.main - 1 change detected
2025-10-08 17:26:46 - [INFO] - watchfiles.main - 1 change detected
2025-10-08 17:26:46 - [INFO] - watchfiles.main - 1 change detected
2025-10-08 17:26:47 - [INFO] - watchfiles.main - 1 change detected
2025-10-08 17:26:47 - [INFO] - watchfiles.main - 1 change detected
2025-10-08 17:26:48 - [INFO] - watchfiles.main - 1 change detected
2025-10-08 17:26:48 - [INFO] - watchfiles.main - 1 change detected
2025-10-08 17:26:48 - [INFO] - watchfiles.main - 1 change detected
2025-10-08 17:26:49 - [INFO] - watchfiles.main - 1 change detected
2025-10-08 17:26:49 - [INFO] - watchfiles.main - 1 change detected
2025-10-08 17:26:50 - [INFO] - watchfiles.main - 1 change detected
2025-10-08 17:26:50 - [INFO] - watchfiles.main - 1 change detected
2025-10-08 17:26:50 - [INFO] - watchfiles.main - 1 change detected
2025-10-08 17:26:51 - [INFO] - watchfiles.main - 1 change detected
2025-10-08 17:26:51 - [INFO] - watchfiles.main - 1 change detected
2025-10-08 17:26:52 - [INFO] - watchfiles.main - 1 change detected
2025-10-08 17:26:52 - [INFO] - watchfiles.main - 1 change detected
2025-10-08 17:26:52 - [INFO] - sqlalchemy.engine.Engine - BEGIN (implicit)
2025-10-08 17:26:52 - [INFO] - sqlalchemy.engine.Engine - SELECT shortenerlink.id, shortenerlink.original_url, shortenerlink.short_url, shortenerlink.is_active, shortenerlink.created_at, shortenerlink.deleted_at 
FROM shortenerlink 
WHERE shortenerlink.is_active = true
2025-10-08 17:26:52 - [INFO] - sqlalchemy.engine.Engine - [generated in 0.00058s] {}
2025-10-08 17:26:52 - [INFO] - sqlalchemy.engine.Engine - ROLLBACK
2025-10-08 17:26:52 - [INFO] - watchfiles.main - 1 change detected
2025-10-08 17:26:53 - [INFO] - watchfiles.main - 1 change detected
2025-10-08 17:26:53 - [INFO] - watchfiles.main - 1 change detected
2025-10-08 17:26:54 - [INFO] - watchfiles.main - 1 change detected
2025-10-08 17:26:54 - [INFO] - watchfiles.main - 1 change detected
2025-10-08 17:26:54 - [INFO] - watchfiles.main - 1 change detected
2025-10-08 17:26:55 - [INFO] - watchfiles.main - 1 change detected
2025-10-08 17:26:55 - [INFO] - watchfiles.main - 1 change detected
2025-10-08 17:26:56 - [INFO] - watchfiles.main - 1 change detected
2025-10-08 17:26:56 - [INFO] - watchfiles.main - 1 change detected
2025-10-08 17:26:56 - [INFO] - watchfiles.main - 1 change detected
2025-10-08 17:26:57 - [INFO] - watchfiles.main - 1 change detected
2025-10-08 17:26:57 - [INFO] - watchfiles.main - 1 change detected
2025-10-08 17:26:57 - [INFO] - watchfiles.main - 1 change detected
2025-10-08 17:26:58 - [INFO] - watchfiles.main - 1 change detected
2025-10-08 17:26:58 - [INFO] - watchfiles.main - 1 change detected
2025-10-08 17:26:59 - [INFO] - watchfiles.main - 1 change detected
2025-10-08 17:26:59 - [INFO] - watchfiles.main - 1 change detected
2025-10-08 17:26:59 - [INFO] - watchfiles.main - 1 change detected
2025-10-08 17:27:00 - [INFO] - watchfiles.main - 1 change detected
2025-10-08 17:27:00 - [INFO] - watchfiles.main - 1 change detected
2025-10-08 17:27:01 - [INFO] - watchfiles.main - 1 change detected
2025-10-08 17:27:01 - [INFO] - watchfiles.main - 1 change detected
2025-10-08 17:27:02 - [INFO] - watchfiles.main - 1 change detected
2025-10-08 17:27:02 - [INFO] - watchfiles.main - 1 change detected
2025-10-08 17:27:02 - [INFO] - watchfiles.main - 1 change detected
2025-10-08 17:27:03 - [INFO] - watchfiles.main - 1 change detected
2025-10-08 17:27:03 - [INFO] - watchfiles.main - 1 change detected
2025-10-08 17:27:03 - [INFO] - watchfiles.main - 1 change detected
2025-10-08 17:27:04 - [INFO] - watchfiles.main - 1 change detected
2025-10-08 17:27:04 - [INFO] - watchfiles.main - 1 change detected
2025-10-08 17:27:05 - [INFO] - watchfiles.main - 1 change detected
2025-10-08 17:27:05 - [INFO] - watchfiles.main - 1 change detected
2025-10-08 17:27:05 - [INFO] - watchfiles.main - 1 change detected
2025-10-08 17:27:06 - [INFO] - watchfiles.main - 1 change detected
2025-10-08 17:27:06 - [INFO] - watchfiles.main - 1 change detected
2025-10-08 17:27:07 - [INFO] - watchfiles.main - 1 change detected
2025-10-08 17:27:07 - [INFO] - watchfiles.main - 1 change detected
2025-10-08 17:27:07 - [INFO] - watchfiles.main - 1 change detected
2025-10-08 17:27:08 - [INFO] - watchfiles.main - 1 change detected
2025-10-08 17:27:08 - [INFO] - watchfiles.main - 1 change detected
2025-10-08 17:27:09 - [INFO] - watchfiles.main - 1 change detected
2025-10-08 17:27:09 - [INFO] - watchfiles.main - 1 change detected
2025-10-08 17:27:09 - [INFO] - watchfiles.main - 1 change detected
2025-10-08 17:27:10 - [INFO] - watchfiles.main - 1 change detected
2025-10-08 17:27:10 - [INFO] - watchfiles.main - 1 change detected
2025-10-08 17:27:11 - [INFO] - watchfiles.main - 1 change detected
2025-10-08 17:27:11 - [INFO] - watchfiles.main - 1 change detected
2025-10-08 17:27:11 - [INFO] - watchfiles.main - 1 change detected
2025-10-08 17:27:12 - [INFO] - watchfiles.main - 1 change detected
2025-10-08 17:27:12 - [INFO] - watchfiles.main - 1 change detected
2025-10-08 17:27:13 - [INFO] - watchfiles.main - 1 change detected
2025-10-08 17:27:13 - [INFO] - watchfiles.main - 1 change detected
2025-10-08 17:27:13 - [INFO] - watchfiles.main - 1 change detected
2025-10-08 17:27:14 - [INFO] - watchfiles.main - 1 change detected
2025-10-08 17:27:14 - [INFO] - watchfiles.main - 1 change detected
2025-10-08 17:27:15 - [INFO] - watchfiles.main - 1 change detected
2025-10-08 17:27:15 - [INFO] - watchfiles.main - 1 change detected
2025-10-08 17:27:15 - [INFO] - watchfiles.main - 1 change detected
2025-10-08 17:27:16 - [INFO] - watchfiles.main - 1 change detected
2025-10-08 17:27:16 - [INFO] - watchfiles.main - 1 change detected
2025-10-08 17:27:17 - [INFO] - watchfiles.main - 1 change detected
2025-10-08 17:27:17 - [INFO] - watchfiles.main - 1 change detected
2025-10-08 17:27:17 - [INFO] - watchfiles.main - 1 change detected
2025-10-08 17:27:18 - [INFO] - watchfiles.main - 1 change detected
2025-10-08 17:27:18 - [INFO] - watchfiles.main - 1 change detected
2025-10-08 17:27:19 - [INFO] - watchfiles.main - 1 change detected
2025-10-08 17:27:19 - [INFO] - watchfiles.main - 1 change detected
2025-10-08 17:27:19 - [INFO] - watchfiles.main - 1 change detected
2025-10-08 17:27:20 - [INFO] - watchfiles.main - 1 change detected
2025-10-08 17:27:20 - [INFO] - watchfiles.main - 1 change detected
2025-10-08 17:27:21 - [INFO] - watchfiles.main - 1 change detected
2025-10-08 17:27:21 - [INFO] - watchfiles.main - 1 change detected
2025-10-08 17:27:21 - [INFO] - watchfiles.main - 1 change detected
2025-10-08 17:27:22 - [INFO] - watchfiles.main - 1 change detected
2025-10-08 17:27:22 - [INFO] - watchfiles.main - 1 change detected
2025-10-08 17:27:23 - [INFO] - watchfiles.main - 1 change detected
2025-10-08 17:27:23 - [INFO] - watchfiles.main - 1 change detected
2025-10-08 17:27:23 - [INFO] - watchfiles.main - 1 change detected
2025-10-08 17:27:24 - [INFO] - watchfiles.main - 1 change detected
2025-10-08 17:27:24 - [INFO] - watchfiles.main - 1 change detected
2025-10-08 17:27:25 - [INFO] - watchfiles.main - 1 change detected
2025-10-08 17:27:25 - [INFO] - watchfiles.main - 1 change detected
2025-10-08 17:27:25 - [INFO] - watchfiles.main - 1 change detected
2025-10-08 17:27:26 - [INFO] - watchfiles.main - 1 change detected
2025-10-08 17:27:26 - [INFO] - watchfiles.main - 1 change detected
2025-10-08 17:27:27 - [INFO] - sqlalchemy.engine.Engine - BEGIN (implicit)
2025-10-08 17:27:27 - [INFO] - sqlalchemy.engine.Engine - SELECT apikey.id, apikey.key_hash, apikey.created_at 
FROM apikey
2025-10-08 17:27:27 - [INFO] - sqlalchemy.engine.Engine - [generated in 0.00034s] {}
2025-10-08 17:27:27 - [INFO] - sqlalchemy.engine.Engine - INSERT INTO apikey (id, key_hash, created_at) VALUES (%(id)s::UUID, %(key_hash)s, %(created_at)s)
2025-10-08 17:27:27 - [INFO] - sqlalchemy.engine.Engine - [generated in 0.00029s] {'id': UUID('b900167c-4ba0-42e8-b588-4632a8406c18'), 'key_hash': '03ac674216f3e15c761ee1a5e255f067953623c8b388b4459e13f978d7c846f4', 'created_at': datetime.datetime(2025, 10, 8, 22, 27, 27, 17737, tzinfo=datetime.timezone.utc)}
2025-10-08 17:27:27 - [INFO] - sqlalchemy.engine.Engine - COMMIT
2025-10-08 17:27:27 - [INFO] - sqlalchemy.engine.Engine - BEGIN (implicit)
2025-10-08 17:27:27 - [INFO] - sqlalchemy.engine.Engine - SELECT apikey.id, apikey.key_hash, apikey.created_at 
FROM apikey 
WHERE apikey.id = %(pk_1)s::UUID
2025-10-08 17:27:27 - [INFO] - sqlalchemy.engine.Engine - [generated in 0.00038s] {'pk_1': UUID('b900167c-4ba0-42e8-b588-4632a8406c18')}
2025-10-08 17:27:27 - [INFO] - shortener - New API Key generated: 1234****
2025-10-08 17:27:27 - [INFO] - sqlalchemy.engine.Engine - ROLLBACK
2025-10-08 17:27:27 - [INFO] - watchfiles.main - 1 change detected
2025-10-08 17:27:27 - [INFO] - watchfiles.main - 1 change detected
2025-10-08 17:27:27 - [INFO] - watchfiles.main - 1 change detected
2025-10-08 17:27:28 - [INFO] - watchfiles.main - 1 change detected
2025-10-08 17:27:28 - [INFO] - watchfiles.main - 1 change detected
2025-10-08 17:27:29 - [INFO] - watchfiles.main - 1 change detected
2025-10-08 17:27:29 - [INFO] - watchfiles.main - 1 change detected
2025-10-08 17:27:29 - [INFO] - watchfiles.main - 1 change detected
2025-10-08 17:27:30 - [INFO] - watchfiles.main - 1 change detected
2025-10-08 17:27:30 - [INFO] - watchfiles.main - 1 change detected
2025-10-08 17:27:31 - [INFO] - watchfiles.main - 1 change detected
2025-10-08 17:27:31 - [INFO] - watchfiles.main - 1 change detected
2025-10-08 17:27:31 - [INFO] - watchfiles.main - 1 change detected
2025-10-08 17:27:32 - [INFO] - watchfiles.main - 1 change detected
2025-10-08 17:27:32 - [INFO] - watchfiles.main - 1 change detected
2025-10-08 17:27:33 - [INFO] - watchfiles.main - 1 change detected
2025-10-08 17:27:33 - [INFO] - watchfiles.main - 1 change detected
2025-10-08 17:27:33 - [INFO] - watchfiles.main - 1 change detected
2025-10-08 17:27:34 - [INFO] - watchfiles.main - 1 change detected
2025-10-08 17:27:34 - [INFO] - watchfiles.main - 1 change detected
2025-10-08 17:27:35 - [INFO] - watchfiles.main - 1 change detected
2025-10-08 17:27:35 - [INFO] - watchfiles.main - 1 change detected
2025-10-08 17:27:35 - [INFO] - watchfiles.main - 1 change detected
2025-10-08 17:27:36 - [INFO] - watchfiles.main - 1 change detected
2025-10-08 17:27:36 - [INFO] - watchfiles.main - 1 change detected
2025-10-08 17:27:37 - [INFO] - watchfiles.main - 1 change detected
2025-10-08 17:27:37 - [INFO] - watchfiles.main - 1 change detected
2025-10-08 17:27:37 - [INFO] - watchfiles.main - 1 change detected
2025-10-08 17:27:38 - [INFO] - watchfiles.main - 1 change detected
2025-10-08 17:27:38 - [INFO] - watchfiles.main - 1 change detected
2025-10-08 17:27:39 - [INFO] - watchfiles.main - 1 change detected
2025-10-08 17:27:39 - [INFO] - watchfiles.main - 1 change detected
2025-10-08 17:27:39 - [INFO] - watchfiles.main - 1 change detected
2025-10-08 17:27:40 - [INFO] - watchfiles.main - 1 change detected
2025-10-08 17:27:40 - [INFO] - watchfiles.main - 1 change detected
2025-10-08 17:27:40 - [INFO] - watchfiles.main - 1 change detected
2025-10-08 17:27:41 - [INFO] - watchfiles.main - 1 change detected
2025-10-08 17:27:41 - [INFO] - watchfiles.main - 1 change detected
2025-10-08 17:27:42 - [INFO] - watchfiles.main - 1 change detected
2025-10-08 17:27:42 - [INFO] - watchfiles.main - 1 change detected
2025-10-08 17:27:42 - [INFO] - watchfiles.main - 1 change detected
2025-10-08 17:27:43 - [INFO] - watchfiles.main - 1 change detected
2025-10-08 17:27:43 - [INFO] - watchfiles.main - 1 change detected
2025-10-08 17:27:44 - [INFO] - watchfiles.main - 1 change detected
2025-10-08 17:27:44 - [INFO] - watchfiles.main - 1 change detected
2025-10-08 17:27:44 - [INFO] - watchfiles.main - 1 change detected
2025-10-08 17:27:45 - [INFO] - watchfiles.main - 1 change detected
2025-10-08 17:27:45 - [INFO] - watchfiles.main - 1 change detected
2025-10-08 17:27:46 - [INFO] - watchfiles.main - 1 change detected
2025-10-08 17:27:46 - [INFO] - watchfiles.main - 1 change detected
2025-10-08 17:27:46 - [INFO] - watchfiles.main - 1 change detected
2025-10-08 17:27:47 - [INFO] - watchfiles.main - 1 change detected
2025-10-08 17:27:47 - [INFO] - watchfiles.main - 1 change detected
2025-10-08 17:27:48 - [INFO] - watchfiles.main - 1 change detected
2025-10-08 17:27:48 - [INFO] - watchfiles.main - 1 change detected
2025-10-08 17:27:48 - [INFO] - watchfiles.main - 1 change detected
2025-10-08 17:27:49 - [INFO] - watchfiles.main - 1 change detected
2025-10-08 17:27:49 - [INFO] - watchfiles.main - 1 change detected
2025-10-08 17:27:50 - [INFO] - watchfiles.main - 1 change detected
2025-10-08 17:27:50 - [INFO] - watchfiles.main - 1 change detected
2025-10-08 17:27:50 - [INFO] - watchfiles.main - 1 change detected
2025-10-08 17:27:51 - [INFO] - watchfiles.main - 1 change detected
2025-10-08 17:27:51 - [INFO] - watchfiles.main - 1 change detected
2025-10-08 17:27:52 - [INFO] - watchfiles.main - 1 change detected
2025-10-08 17:27:52 - [INFO] - watchfiles.main - 1 change detected
2025-10-08 17:27:52 - [INFO] - watchfiles.main - 1 change detected
2025-10-08 17:27:53 - [INFO] - watchfiles.main - 1 change detected
2025-10-08 17:27:53 - [INFO] - watchfiles.main - 1 change detected
2025-10-08 17:27:54 - [INFO] - watchfiles.main - 1 change detected
2025-10-08 17:27:54 - [INFO] - watchfiles.main - 1 change detected
2025-10-08 17:27:54 - [INFO] - watchfiles.main - 1 change detected
2025-10-08 17:27:55 - [INFO] - watchfiles.main - 1 change detected
2025-10-08 17:27:55 - [INFO] - watchfiles.main - 1 change detected
2025-10-08 17:27:56 - [INFO] - watchfiles.main - 1 change detected
2025-10-08 17:27:56 - [INFO] - watchfiles.main - 1 change detected
2025-10-08 17:27:56 - [INFO] - watchfiles.main - 1 change detected
2025-10-08 17:27:57 - [INFO] - watchfiles.main - 1 change detected
2025-10-08 17:27:57 - [INFO] - watchfiles.main - 1 change detected
2025-10-08 17:27:58 - [INFO] - watchfiles.main - 1 change detected
2025-10-08 17:27:58 - [INFO] - watchfiles.main - 1 change detected
2025-10-08 17:27:58 - [INFO] - watchfiles.main - 1 change detected
2025-10-08 17:27:59 - [INFO] - watchfiles.main - 1 change detected
2025-10-08 17:27:59 - [INFO] - watchfiles.main - 1 change detected
2025-10-08 17:28:00 - [INFO] - watchfiles.main - 1 change detected
2025-10-08 17:28:00 - [INFO] - watchfiles.main - 1 change detected
2025-10-08 17:28:00 - [INFO] - watchfiles.main - 1 change detected
2025-10-08 17:28:01 - [INFO] - watchfiles.main - 1 change detected
2025-10-08 17:28:01 - [INFO] - watchfiles.main - 1 change detected
2025-10-08 17:28:02 - [INFO] - watchfiles.main - 1 change detected
2025-10-08 17:28:02 - [INFO] - watchfiles.main - 1 change detected
2025-10-08 17:28:02 - [INFO] - watchfiles.main - 1 change detected
2025-10-08 17:28:03 - [INFO] - watchfiles.main - 1 change detected
2025-10-08 17:28:03 - [INFO] - watchfiles.main - 1 change detected
2025-10-08 17:28:04 - [INFO] - watchfiles.main - 1 change detected
2025-10-08 17:28:04 - [INFO] - watchfiles.main - 1 change detected
2025-10-08 17:28:04 - [INFO] - watchfiles.main - 1 change detected
2025-10-08 17:28:05 - [INFO] - watchfiles.main - 1 change detected
2025-10-08 17:28:05 - [INFO] - watchfiles.main - 1 change detected
2025-10-08 17:28:06 - [INFO] - watchfiles.main - 1 change detected
2025-10-08 17:28:06 - [INFO] - watchfiles.main - 1 change detected
2025-10-08 17:28:06 - [INFO] - watchfiles.main - 1 change detected
2025-10-08 17:28:07 - [INFO] - watchfiles.main - 1 change detected
2025-10-08 17:28:07 - [INFO] - watchfiles.main - 1 change detected
2025-10-08 17:28:08 - [INFO] - watchfiles.main - 1 change detected
2025-10-08 17:28:08 - [INFO] - watchfiles.main - 1 change detected
2025-10-08 17:28:08 - [INFO] - watchfiles.main - 1 change detected
2025-10-08 17:28:09 - [INFO] - watchfiles.main - 1 change detected
2025-10-08 17:28:09 - [INFO] - watchfiles.main - 1 change detected
2025-10-08 17:28:10 - [INFO] - watchfiles.main - 1 change detected
2025-10-08 17:28:10 - [INFO] - watchfiles.main - 1 change detected
2025-10-08 17:28:10 - [INFO] - watchfiles.main - 1 change detected
2025-10-08 17:28:11 - [INFO] - watchfiles.main - 1 change detected
2025-10-08 17:28:11 - [INFO] - watchfiles.main - 1 change detected
2025-10-08 17:28:12 - [INFO] - watchfiles.main - 1 change detected
2025-10-08 17:28:12 - [INFO] - watchfiles.main - 1 change detected
2025-10-08 17:28:12 - [INFO] - watchfiles.main - 1 change detected
2025-10-08 17:28:13 - [INFO] - watchfiles.main - 1 change detected
2025-10-08 17:28:13 - [INFO] - watchfiles.main - 1 change detected
2025-10-08 17:28:14 - [INFO] - watchfiles.main - 1 change detected
2025-10-08 17:28:14 - [INFO] - watchfiles.main - 1 change detected
2025-10-08 17:28:14 - [INFO] - watchfiles.main - 1 change detected
2025-10-08 17:28:15 - [INFO] - watchfiles.main - 1 change detected
2025-10-08 17:28:15 - [INFO] - watchfiles.main - 1 change detected
2025-10-08 17:28:16 - [INFO] - watchfiles.main - 1 change detected
2025-10-08 17:28:16 - [INFO] - watchfiles.main - 1 change detected
2025-10-08 17:28:16 - [INFO] - watchfiles.main - 1 change detected
2025-10-08 17:28:17 - [INFO] - watchfiles.main - 1 change detected
2025-10-08 17:28:17 - [INFO] - watchfiles.main - 1 change detected
2025-10-08 17:28:18 - [INFO] - watchfiles.main - 1 change detected
2025-10-08 17:28:18 - [INFO] - watchfiles.main - 1 change detected
2025-10-08 17:28:18 - [INFO] - watchfiles.main - 1 change detected
2025-10-08 17:28:19 - [INFO] - watchfiles.main - 1 change detected
2025-10-08 17:28:19 - [INFO] - watchfiles.main - 1 change detected
2025-10-08 17:28:20 - [INFO] - watchfiles.main - 1 change detected
2025-10-08 17:28:20 - [INFO] - watchfiles.main - 1 change detected
2025-10-08 17:28:20 - [INFO] - watchfiles.main - 1 change detected
2025-10-08 17:28:21 - [INFO] - watchfiles.main - 1 change detected
2025-10-08 17:28:21 - [INFO] - watchfiles.main - 1 change detected
2025-10-08 17:28:22 - [INFO] - watchfiles.main - 1 change detected
2025-10-08 17:28:22 - [INFO] - watchfiles.main - 1 change detected
2025-10-08 17:28:22 - [INFO] - watchfiles.main - 1 change detected
2025-10-08 17:28:23 - [INFO] - watchfiles.main - 1 change detected
2025-10-08 17:28:23 - [INFO] - watchfiles.main - 1 change detected
2025-10-08 17:28:23 - [INFO] - watchfiles.main - 1 change detected
2025-10-08 17:28:24 - [INFO] - watchfiles.main - 1 change detected
2025-10-08 17:28:24 - [INFO] - watchfiles.main - 1 change detected
2025-10-08 17:28:25 - [INFO] - watchfiles.main - 1 change detected
2025-10-08 17:28:25 - [INFO] - watchfiles.main - 1 change detected
2025-10-08 17:28:25 - [INFO] - watchfiles.main - 1 change detected
2025-10-08 17:28:26 - [INFO] - watchfiles.main - 1 change detected
2025-10-08 17:28:26 - [INFO] - watchfiles.main - 1 change detected
2025-10-08 17:28:27 - [INFO] - watchfiles.main - 1 change detected
2025-10-08 17:28:27 - [INFO] - watchfiles.main - 1 change detected
2025-10-08 17:28:27 - [INFO] - watchfiles.main - 1 change detected
2025-10-08 17:28:28 - [INFO] - watchfiles.main - 1 change detected
2025-10-08 17:28:28 - [INFO] - watchfiles.main - 1 change detected
2025-10-08 17:28:29 - [INFO] - watchfiles.main - 1 change detected
2025-10-08 17:28:29 - [INFO] - watchfiles.main - 1 change detected
2025-10-08 17:28:29 - [INFO] - watchfiles.main - 1 change detected
2025-10-08 17:28:30 - [INFO] - watchfiles.main - 1 change detected
2025-10-08 17:28:30 - [INFO] - watchfiles.main - 1 change detected
2025-10-08 17:28:31 - [INFO] - watchfiles.main - 1 change detected
2025-10-08 17:28:31 - [INFO] - watchfiles.main - 1 change detected
2025-10-08 17:28:31 - [INFO] - watchfiles.main - 1 change detected
2025-10-08 17:28:32 - [INFO] - watchfiles.main - 1 change detected
2025-10-08 17:28:32 - [INFO] - watchfiles.main - 1 change detected
2025-10-08 17:28:33 - [INFO] - watchfiles.main - 1 change detected
2025-10-08 17:28:33 - [INFO] - watchfiles.main - 1 change detected
2025-10-08 17:28:33 - [INFO] - watchfiles.main - 1 change detected
2025-10-08 17:28:34 - [INFO] - watchfiles.main - 1 change detected
2025-10-08 17:28:34 - [INFO] - watchfiles.main - 1 change detected
2025-10-08 17:28:35 - [INFO] - watchfiles.main - 1 change detected
2025-10-08 17:28:35 - [INFO] - watchfiles.main - 1 change detected
2025-10-08 17:28:35 - [INFO] - watchfiles.main - 1 change detected
2025-10-08 17:28:36 - [INFO] - watchfiles.main - 1 change detected
2025-10-08 17:28:36 - [INFO] - watchfiles.main - 1 change detected
2025-10-08 17:28:37 - [INFO] - watchfiles.main - 1 change detected
2025-10-08 17:28:37 - [INFO] - watchfiles.main - 1 change detected
2025-10-08 17:28:37 - [INFO] - watchfiles.main - 1 change detected
2025-10-08 17:28:38 - [INFO] - watchfiles.main - 1 change detected
2025-10-08 17:28:38 - [INFO] - watchfiles.main - 1 change detected
2025-10-08 17:28:39 - [INFO] - watchfiles.main - 1 change detected
2025-10-08 17:28:39 - [INFO] - watchfiles.main - 1 change detected
2025-10-08 17:28:39 - [INFO] - watchfiles.main - 1 change detected
2025-10-08 17:28:40 - [INFO] - watchfiles.main - 1 change detected
2025-10-08 17:28:40 - [INFO] - watchfiles.main - 1 change detected
2025-10-08 17:28:41 - [INFO] - watchfiles.main - 1 change detected
2025-10-08 17:28:41 - [INFO] - watchfiles.main - 1 change detected
2025-10-08 17:28:41 - [INFO] - watchfiles.main - 1 change detected
2025-10-08 17:28:42 - [INFO] - watchfiles.main - 1 change detected
2025-10-08 17:28:42 - [INFO] - watchfiles.main - 1 change detected
2025-10-08 17:28:43 - [INFO] - watchfiles.main - 1 change detected
2025-10-08 17:28:43 - [INFO] - watchfiles.main - 1 change detected
2025-10-08 17:28:43 - [INFO] - watchfiles.main - 1 change detected
2025-10-08 17:28:44 - [INFO] - watchfiles.main - 1 change detected
2025-10-08 17:28:44 - [INFO] - watchfiles.main - 1 change detected
2025-10-08 17:28:45 - [INFO] - watchfiles.main - 1 change detected
2025-10-08 17:28:45 - [INFO] - watchfiles.main - 1 change detected
2025-10-08 17:28:45 - [INFO] - watchfiles.main - 1 change detected
2025-10-08 17:28:46 - [INFO] - watchfiles.main - 1 change detected
2025-10-08 17:28:46 - [INFO] - watchfiles.main - 1 change detected
2025-10-08 17:28:47 - [INFO] - watchfiles.main - 1 change detected
2025-10-08 17:28:47 - [INFO] - watchfiles.main - 1 change detected
2025-10-08 17:28:47 - [INFO] - watchfiles.main - 1 change detected
2025-10-08 17:28:48 - [INFO] - watchfiles.main - 1 change detected
2025-10-08 17:28:48 - [INFO] - watchfiles.main - 1 change detected
2025-10-08 17:28:49 - [INFO] - watchfiles.main - 1 change detected
2025-10-08 17:28:49 - [INFO] - watchfiles.main - 1 change detected
2025-10-08 17:28:49 - [INFO] - watchfiles.main - 1 change detected
2025-10-08 17:28:50 - [INFO] - watchfiles.main - 1 change detected
2025-10-08 17:28:50 - [INFO] - watchfiles.main - 1 change detected
2025-10-08 17:28:51 - [INFO] - watchfiles.main - 1 change detected
2025-10-08 17:28:51 - [INFO] - watchfiles.main - 1 change detected
2025-10-08 17:28:51 - [INFO] - watchfiles.main - 1 change detected
2025-10-08 17:28:52 - [INFO] - watchfiles.main - 1 change detected
2025-10-08 17:28:52 - [INFO] - watchfiles.main - 1 change detected
2025-10-08 17:28:53 - [INFO] - watchfiles.main - 1 change detected
2025-10-08 17:28:53 - [INFO] - watchfiles.main - 1 change detected
2025-10-08 17:28:53 - [INFO] - watchfiles.main - 1 change detected
2025-10-08 17:28:54 - [INFO] - watchfiles.main - 1 change detected
2025-10-08 17:28:54 - [INFO] - watchfiles.main - 1 change detected
2025-10-08 17:28:55 - [INFO] - watchfiles.main - 1 change detected
2025-10-08 17:28:55 - [INFO] - watchfiles.main - 1 change detected
2025-10-08 17:28:55 - [INFO] - watchfiles.main - 1 change detected
2025-10-08 17:28:56 - [INFO] - watchfiles.main - 1 change detected
2025-10-08 17:28:56 - [INFO] - watchfiles.main - 1 change detected
2025-10-08 17:28:57 - [INFO] - watchfiles.main - 1 change detected
2025-10-08 17:28:57 - [INFO] - watchfiles.main - 1 change detected
2025-10-08 17:28:57 - [INFO] - watchfiles.main - 1 change detected
2025-10-08 17:28:58 - [INFO] - watchfiles.main - 1 change detected
2025-10-08 17:28:58 - [INFO] - watchfiles.main - 1 change detected
2025-10-08 17:28:59 - [INFO] - watchfiles.main - 1 change detected
2025-10-08 17:28:59 - [INFO] - watchfiles.main - 1 change detected
2025-10-08 17:28:59 - [INFO] - watchfiles.main - 1 change detected
2025-10-08 17:29:00 - [INFO] - watchfiles.main - 1 change detected
2025-10-08 17:29:00 - [INFO] - watchfiles.main - 1 change detected
2025-10-08 17:29:01 - [INFO] - watchfiles.main - 1 change detected
2025-10-08 17:29:01 - [INFO] - watchfiles.main - 1 change detected
2025-10-08 17:29:01 - [INFO] - watchfiles.main - 1 change detected
2025-10-08 17:29:02 - [INFO] - watchfiles.main - 1 change detected
2025-10-08 17:29:02 - [INFO] - watchfiles.main - 1 change detected
2025-10-08 17:29:03 - [INFO] - watchfiles.main - 1 change detected
2025-10-08 17:29:03 - [INFO] - watchfiles.main - 1 change detected
2025-10-08 17:29:03 - [INFO] - watchfiles.main - 1 change detected
2025-10-08 17:29:04 - [INFO] - watchfiles.main - 1 change detected
2025-10-08 17:29:04 - [INFO] - watchfiles.main - 1 change detected
2025-10-08 17:29:05 - [INFO] - watchfiles.main - 1 change detected
2025-10-08 17:29:05 - [INFO] - watchfiles.main - 1 change detected
2025-10-08 17:29:05 - [INFO] - watchfiles.main - 1 change detected
2025-10-08 17:29:06 - [INFO] - watchfiles.main - 1 change detected
2025-10-08 17:29:06 - [INFO] - watchfiles.main - 1 change detected
2025-10-08 17:29:06 - [INFO] - watchfiles.main - 1 change detected
2025-10-08 17:29:07 - [INFO] - watchfiles.main - 1 change detected
2025-10-08 17:29:07 - [INFO] - watchfiles.main - 1 change detected
2025-10-08 17:29:08 - [INFO] - watchfiles.main - 1 change detected
2025-10-08 17:29:08 - [INFO] - watchfiles.main - 1 change detected
2025-10-08 17:29:08 - [INFO] - watchfiles.main - 1 change detected
2025-10-08 17:29:09 - [INFO] - watchfiles.main - 1 change detected
2025-10-08 17:29:09 - [INFO] - watchfiles.main - 1 change detected
2025-10-08 17:29:10 - [INFO] - watchfiles.main - 1 change detected
2025-10-08 17:29:10 - [INFO] - watchfiles.main - 1 change detected
2025-10-08 17:29:10 - [INFO] - watchfiles.main - 1 change detected
2025-10-08 17:29:11 - [INFO] - watchfiles.main - 1 change detected
2025-10-08 17:29:11 - [INFO] - watchfiles.main - 1 change detected
2025-10-08 17:29:12 - [INFO] - watchfiles.main - 1 change detected
2025-10-08 17:29:12 - [INFO] - sqlalchemy.engine.Engine - BEGIN (implicit)
2025-10-08 17:29:12 - [INFO] - sqlalchemy.engine.Engine - SELECT apikey.id, apikey.key_hash, apikey.created_at 
FROM apikey 
WHERE apikey.key_hash = %(key_hash_1)s
2025-10-08 17:29:12 - [INFO] - sqlalchemy.engine.Engine - [generated in 0.00041s] {'key_hash_1': '03ac674216f3e15c761ee1a5e255f067953623c8b388b4459e13f978d7c846f4'}
2025-10-08 17:29:12 - [INFO] - shortener - API key validated (prefix=1234****)
2025-10-08 17:29:12 - [INFO] - sqlalchemy.engine.Engine - INSERT INTO shortenerlink (id, original_url, short_url, is_active, created_at, deleted_at) VALUES (%(id)s::UUID, %(original_url)s, %(short_url)s, %(is_active)s, %(created_at)s, %(deleted_at)s)
2025-10-08 17:29:12 - [INFO] - sqlalchemy.engine.Engine - [generated in 0.00041s] {'id': UUID('e53c13bf-f4a5-4db2-994f-d60b0be1066e'), 'original_url': 'https://portfoliokruzn.netlify.app', 'short_url': 'nicoport', 'is_active': True, 'created_at': datetime.datetime(2025, 10, 8, 22, 29, 12, 555140, tzinfo=datetime.timezone.utc), 'deleted_at': None}
2025-10-08 17:29:12 - [INFO] - sqlalchemy.engine.Engine - COMMIT
2025-10-08 17:29:12 - [INFO] - sqlalchemy.engine.Engine - BEGIN (implicit)
2025-10-08 17:29:12 - [INFO] - sqlalchemy.engine.Engine - SELECT shortenerlink.id, shortenerlink.original_url, shortenerlink.short_url, shortenerlink.is_active, shortenerlink.created_at, shortenerlink.deleted_at 
FROM shortenerlink 
WHERE shortenerlink.id = %(pk_1)s::UUID
2025-10-08 17:29:12 - [INFO] - sqlalchemy.engine.Engine - [generated in 0.00044s] {'pk_1': UUID('e53c13bf-f4a5-4db2-994f-d60b0be1066e')}
2025-10-08 17:29:12 - [INFO] - shortener - Created new short URL: (nicoport) -> https://portfoliokruzn.netlify.app
2025-10-08 17:29:12 - [INFO] - sqlalchemy.engine.Engine - ROLLBACK
2025-10-08 17:29:12 - [INFO] - watchfiles.main - 1 change detected
2025-10-08 17:29:13 - [INFO] - watchfiles.main - 1 change detected
2025-10-08 17:29:13 - [INFO] - watchfiles.main - 1 change detected
2025-10-08 17:29:13 - [INFO] - watchfiles.main - 1 change detected
2025-10-08 17:29:14 - [INFO] - watchfiles.main - 1 change detected
2025-10-08 17:29:14 - [INFO] - watchfiles.main - 1 change detected
2025-10-08 17:29:15 - [INFO] - watchfiles.main - 1 change detected
2025-10-08 17:29:15 - [INFO] - watchfiles.main - 1 change detected
2025-10-08 17:29:15 - [INFO] - watchfiles.main - 1 change detected
2025-10-08 17:29:16 - [INFO] - watchfiles.main - 1 change detected
2025-10-08 17:29:16 - [INFO] - watchfiles.main - 1 change detected
2025-10-08 17:29:16 - [INFO] - watchfiles.main - 1 change detected
2025-10-08 17:29:17 - [INFO] - watchfiles.main - 1 change detected
2025-10-08 17:29:17 - [INFO] - watchfiles.main - 1 change detected
2025-10-08 17:29:18 - [INFO] - watchfiles.main - 1 change detected
2025-10-08 17:29:18 - [INFO] - watchfiles.main - 1 change detected
2025-10-08 17:29:18 - [INFO] - watchfiles.main - 1 change detected
2025-10-08 17:29:19 - [INFO] - watchfiles.main - 1 change detected
2025-10-08 17:29:19 - [INFO] - watchfiles.main - 1 change detected
2025-10-08 17:29:20 - [INFO] - watchfiles.main - 1 change detected
2025-10-08 17:29:20 - [INFO] - watchfiles.main - 1 change detected
2025-10-08 17:29:20 - [INFO] - watchfiles.main - 1 change detected
2025-10-08 17:29:21 - [INFO] - watchfiles.main - 1 change detected
2025-10-08 17:29:21 - [INFO] - watchfiles.main - 1 change detected
2025-10-08 17:29:22 - [INFO] - watchfiles.main - 1 change detected
2025-10-08 17:29:22 - [INFO] - watchfiles.main - 1 change detected
2025-10-08 17:29:22 - [INFO] - watchfiles.main - 1 change detected
2025-10-08 17:29:23 - [INFO] - watchfiles.main - 1 change detected
2025-10-08 17:29:23 - [INFO] - watchfiles.main - 1 change detected
2025-10-08 17:29:24 - [INFO] - watchfiles.main - 1 change detected
2025-10-08 17:29:24 - [INFO] - watchfiles.main - 1 change detected
2025-10-08 17:29:24 - [INFO] - watchfiles.main - 1 change detected
2025-10-08 17:29:24 - [INFO] - sqlalchemy.engine.Engine - BEGIN (implicit)
2025-10-08 17:29:24 - [INFO] - sqlalchemy.engine.Engine - SELECT shortenerlink.id, shortenerlink.original_url, shortenerlink.short_url, shortenerlink.is_active, shortenerlink.created_at, shortenerlink.deleted_at 
FROM shortenerlink 
WHERE shortenerlink.short_url = %(short_url_1)s AND shortenerlink.is_active = true
2025-10-08 17:29:24 - [INFO] - sqlalchemy.engine.Engine - [generated in 0.00049s] {'short_url_1': 'nicoport'}
2025-10-08 17:29:25 - [INFO] - watchfiles.main - 1 change detected
2025-10-08 17:29:25 - [INFO] - watchfiles.main - 1 change detected
2025-10-08 17:29:25 - [WARNING] - shortener - Metrics service unreachable: ConnectTimeout: 
2025-10-08 17:29:25 - [INFO] - sqlalchemy.engine.Engine - ROLLBACK
2025-10-08 17:29:26 - [INFO] - watchfiles.main - 1 change detected
2025-10-08 17:29:26 - [INFO] - watchfiles.main - 1 change detected
2025-10-08 17:29:26 - [INFO] - watchfiles.main - 1 change detected
2025-10-08 17:29:27 - [INFO] - watchfiles.main - 1 change detected
2025-10-08 17:29:27 - [INFO] - watchfiles.main - 1 change detected
2025-10-08 17:29:28 - [INFO] - watchfiles.main - 1 change detected
2025-10-08 17:29:28 - [INFO] - sqlalchemy.engine.Engine - BEGIN (implicit)
2025-10-08 17:29:28 - [INFO] - sqlalchemy.engine.Engine - SELECT shortenerlink.id, shortenerlink.original_url, shortenerlink.short_url, shortenerlink.is_active, shortenerlink.created_at, shortenerlink.deleted_at 
FROM shortenerlink 
WHERE shortenerlink.short_url = %(short_url_1)s AND shortenerlink.is_active = true
2025-10-08 17:29:28 - [INFO] - sqlalchemy.engine.Engine - [cached since 3.293s ago] {'short_url_1': 'nicoport'}
2025-10-08 17:29:28 - [INFO] - watchfiles.main - 1 change detected
2025-10-08 17:29:28 - [INFO] - watchfiles.main - 1 change detected
2025-10-08 17:29:29 - [WARNING] - shortener - Metrics service unreachable: ConnectTimeout: 
2025-10-08 17:29:29 - [INFO] - sqlalchemy.engine.Engine - ROLLBACK
2025-10-08 17:29:29 - [INFO] - watchfiles.main - 1 change detected
2025-10-08 17:29:29 - [INFO] - watchfiles.main - 1 change detected
2025-10-08 17:29:30 - [INFO] - watchfiles.main - 1 change detected
2025-10-08 17:29:30 - [INFO] - sqlalchemy.engine.Engine - BEGIN (implicit)
2025-10-08 17:29:30 - [INFO] - sqlalchemy.engine.Engine - SELECT shortenerlink.id, shortenerlink.original_url, shortenerlink.short_url, shortenerlink.is_active, shortenerlink.created_at, shortenerlink.deleted_at 
FROM shortenerlink 
WHERE shortenerlink.short_url = %(short_url_1)s AND shortenerlink.is_active = true
2025-10-08 17:29:30 - [INFO] - sqlalchemy.engine.Engine - [cached since 5.406s ago] {'short_url_1': 'nicoport'}
2025-10-08 17:29:30 - [INFO] - watchfiles.main - 1 change detected
2025-10-08 17:29:30 - [INFO] - watchfiles.main - 1 change detected
2025-10-08 17:29:31 - [WARNING] - shortener - Metrics service unreachable: ConnectTimeout: 
2025-10-08 17:29:31 - [INFO] - sqlalchemy.engine.Engine - ROLLBACK
2025-10-08 17:29:31 - [INFO] - watchfiles.main - 1 change detected
2025-10-08 17:29:31 - [INFO] - watchfiles.main - 1 change detected
2025-10-08 17:29:32 - [INFO] - sqlalchemy.engine.Engine - BEGIN (implicit)
2025-10-08 17:29:32 - [INFO] - sqlalchemy.engine.Engine - SELECT shortenerlink.id, shortenerlink.original_url, shortenerlink.short_url, shortenerlink.is_active, shortenerlink.created_at, shortenerlink.deleted_at 
FROM shortenerlink 
WHERE shortenerlink.short_url = %(short_url_1)s AND shortenerlink.is_active = true
2025-10-08 17:29:32 - [INFO] - sqlalchemy.engine.Engine - [cached since 7.09s ago] {'short_url_1': 'nicoport'}
2025-10-08 17:29:32 - [INFO] - watchfiles.main - 1 change detected
2025-10-08 17:29:32 - [INFO] - watchfiles.main - 1 change detected
2025-10-08 17:29:32 - [WARNING] - shortener - Metrics service unreachable: ConnectTimeout: 
2025-10-08 17:29:32 - [INFO] - sqlalchemy.engine.Engine - ROLLBACK
2025-10-08 17:29:32 - [INFO] - watchfiles.main - 1 change detected
2025-10-08 17:29:33 - [INFO] - watchfiles.main - 1 change detected
2025-10-08 17:29:33 - [INFO] - watchfiles.main - 1 change detected
2025-10-08 17:29:34 - [INFO] - watchfiles.main - 1 change detected
2025-10-08 17:29:34 - [INFO] - sqlalchemy.engine.Engine - BEGIN (implicit)
2025-10-08 17:29:34 - [INFO] - sqlalchemy.engine.Engine - SELECT shortenerlink.id, shortenerlink.original_url, shortenerlink.short_url, shortenerlink.is_active, shortenerlink.created_at, shortenerlink.deleted_at 
FROM shortenerlink 
WHERE shortenerlink.short_url = %(short_url_1)s AND shortenerlink.is_active = true
2025-10-08 17:29:34 - [INFO] - sqlalchemy.engine.Engine - [cached since 9.473s ago] {'short_url_1': 'nicoport'}
2025-10-08 17:29:34 - [INFO] - watchfiles.main - 1 change detected
2025-10-08 17:29:34 - [INFO] - watchfiles.main - 1 change detected
2025-10-08 17:29:35 - [WARNING] - shortener - Metrics service unreachable: ConnectTimeout: 
2025-10-08 17:29:35 - [INFO] - sqlalchemy.engine.Engine - ROLLBACK
2025-10-08 17:29:35 - [INFO] - watchfiles.main - 1 change detected
2025-10-08 17:29:35 - [INFO] - watchfiles.main - 1 change detected
2025-10-08 17:29:36 - [INFO] - watchfiles.main - 1 change detected
2025-10-08 17:29:36 - [INFO] - watchfiles.main - 1 change detected
2025-10-08 17:29:36 - [WARNING] - slowapi - ratelimit 5 per 1 minute (127.0.0.1) exceeded at endpoint: /nicoport
2025-10-08 17:29:36 - [INFO] - watchfiles.main - 1 change detected
2025-10-08 17:29:37 - [INFO] - watchfiles.main - 1 change detected
2025-10-08 17:29:37 - [INFO] - sqlalchemy.engine.Engine - BEGIN (implicit)
2025-10-08 17:29:37 - [INFO] - sqlalchemy.engine.Engine - SELECT shortenerlink.id, shortenerlink.original_url, shortenerlink.short_url, shortenerlink.is_active, shortenerlink.created_at, shortenerlink.deleted_at 
FROM shortenerlink 
WHERE shortenerlink.short_url = %(short_url_1)s AND shortenerlink.is_active = true
2025-10-08 17:29:37 - [INFO] - sqlalchemy.engine.Engine - [cached since 12.51s ago] {'short_url_1': 'favicon.ico'}
2025-10-08 17:29:37 - [INFO] - sqlalchemy.engine.Engine - ROLLBACK
2025-10-08 17:29:37 - [INFO] - watchfiles.main - 1 change detected
2025-10-08 17:29:38 - [INFO] - watchfiles.main - 1 change detected
2025-10-08 17:29:38 - [INFO] - watchfiles.main - 1 change detected
2025-10-08 17:29:38 - [INFO] - watchfiles.main - 1 change detected
2025-10-08 17:29:39 - [INFO] - watchfiles.main - 1 change detected
2025-10-08 17:29:39 - [INFO] - watchfiles.main - 1 change detected
2025-10-08 17:29:40 - [INFO] - watchfiles.main - 1 change detected
2025-10-08 17:29:40 - [INFO] - watchfiles.main - 1 change detected
2025-10-08 17:29:40 - [INFO] - watchfiles.main - 1 change detected
2025-10-08 17:29:41 - [INFO] - watchfiles.main - 1 change detected
2025-10-08 17:29:41 - [INFO] - watchfiles.main - 1 change detected
2025-10-08 17:29:42 - [INFO] - watchfiles.main - 1 change detected
2025-10-08 17:29:42 - [INFO] - watchfiles.main - 1 change detected
2025-10-08 17:29:42 - [INFO] - watchfiles.main - 1 change detected
2025-10-08 17:29:43 - [INFO] - watchfiles.main - 1 change detected
2025-10-08 17:29:43 - [INFO] - watchfiles.main - 1 change detected
2025-10-08 17:29:44 - [INFO] - watchfiles.main - 1 change detected
2025-10-08 17:29:44 - [INFO] - watchfiles.main - 1 change detected
2025-10-08 17:29:44 - [INFO] - watchfiles.main - 1 change detected
2025-10-08 17:29:45 - [INFO] - watchfiles.main - 1 change detected
2025-10-08 17:29:45 - [INFO] - watchfiles.main - 1 change detected
2025-10-08 17:29:46 - [INFO] - watchfiles.main - 1 change detected
2025-10-08 17:29:46 - [INFO] - watchfiles.main - 1 change detected
2025-10-08 17:29:46 - [INFO] - watchfiles.main - 1 change detected
2025-10-08 17:29:47 - [INFO] - watchfiles.main - 1 change detected
2025-10-08 17:29:47 - [INFO] - watchfiles.main - 1 change detected
2025-10-08 17:29:48 - [INFO] - watchfiles.main - 1 change detected
2025-10-08 17:29:48 - [INFO] - watchfiles.main - 1 change detected
2025-10-08 17:29:48 - [INFO] - watchfiles.main - 1 change detected
2025-10-08 17:29:49 - [INFO] - watchfiles.main - 1 change detected
2025-10-08 17:29:49 - [INFO] - watchfiles.main - 1 change detected
2025-10-08 17:29:50 - [INFO] - watchfiles.main - 1 change detected
2025-10-08 17:29:50 - [INFO] - watchfiles.main - 1 change detected
2025-10-08 17:29:50 - [INFO] - watchfiles.main - 1 change detected
2025-10-08 17:29:51 - [INFO] - watchfiles.main - 1 change detected
2025-10-08 17:29:51 - [INFO] - watchfiles.main - 1 change detected
2025-10-08 17:29:52 - [INFO] - watchfiles.main - 1 change detected
2025-10-08 17:29:52 - [INFO] - watchfiles.main - 1 change detected
2025-10-08 17:29:52 - [INFO] - watchfiles.main - 1 change detected
2025-10-08 17:29:53 - [INFO] - watchfiles.main - 1 change detected
2025-10-08 17:29:53 - [INFO] - watchfiles.main - 1 change detected
2025-10-08 17:29:54 - [INFO] - watchfiles.main - 1 change detected
2025-10-08 17:29:54 - [INFO] - watchfiles.main - 1 change detected
2025-10-08 17:29:54 - [INFO] - watchfiles.main - 1 change detected
2025-10-08 17:29:55 - [INFO] - watchfiles.main - 1 change detected
2025-10-08 17:29:55 - [INFO] - watchfiles.main - 1 change detected
2025-10-08 17:29:56 - [INFO] - watchfiles.main - 1 change detected
2025-10-08 17:29:56 - [INFO] - watchfiles.main - 1 change detected
2025-10-08 17:29:56 - [INFO] - watchfiles.main - 1 change detected
2025-10-08 17:29:57 - [INFO] - watchfiles.main - 1 change detected
2025-10-08 17:29:57 - [INFO] - watchfiles.main - 1 change detected
2025-10-08 17:29:58 - [INFO] - watchfiles.main - 1 change detected
2025-10-08 17:29:58 - [INFO] - watchfiles.main - 1 change detected
2025-10-08 17:29:58 - [INFO] - watchfiles.main - 1 change detected
2025-10-08 17:29:59 - [INFO] - watchfiles.main - 1 change detected
2025-10-08 17:29:59 - [INFO] - watchfiles.main - 1 change detected
2025-10-08 17:29:59 - [INFO] - watchfiles.main - 1 change detected
2025-10-08 17:30:00 - [INFO] - watchfiles.main - 1 change detected
2025-10-08 17:30:00 - [INFO] - watchfiles.main - 1 change detected
2025-10-08 17:30:01 - [INFO] - watchfiles.main - 1 change detected
2025-10-08 17:30:01 - [INFO] - watchfiles.main - 1 change detected
2025-10-08 17:30:02 - [INFO] - watchfiles.main - 1 change detected
2025-10-08 17:30:02 - [INFO] - watchfiles.main - 1 change detected
2025-10-08 17:30:02 - [INFO] - watchfiles.main - 1 change detected
2025-10-08 17:30:03 - [INFO] - watchfiles.main - 1 change detected
2025-10-08 17:30:03 - [INFO] - watchfiles.main - 1 change detected
2025-10-08 17:30:03 - [INFO] - watchfiles.main - 1 change detected
2025-10-08 17:30:04 - [INFO] - watchfiles.main - 1 change detected
2025-10-08 17:30:04 - [INFO] - watchfiles.main - 1 change detected
2025-10-08 17:30:05 - [INFO] - watchfiles.main - 1 change detected
2025-10-08 17:30:05 - [INFO] - watchfiles.main - 1 change detected
2025-10-08 17:30:05 - [INFO] - watchfiles.main - 1 change detected
2025-10-08 17:30:06 - [INFO] - watchfiles.main - 1 change detected
2025-10-08 17:30:06 - [INFO] - watchfiles.main - 1 change detected
2025-10-08 17:30:07 - [INFO] - watchfiles.main - 1 change detected
2025-10-08 17:30:07 - [INFO] - watchfiles.main - 1 change detected
2025-10-08 17:30:07 - [INFO] - watchfiles.main - 1 change detected
2025-10-08 17:30:08 - [INFO] - watchfiles.main - 1 change detected
2025-10-08 17:30:08 - [INFO] - watchfiles.main - 1 change detected
2025-10-08 17:30:09 - [INFO] - watchfiles.main - 1 change detected
2025-10-08 17:30:09 - [INFO] - watchfiles.main - 1 change detected
2025-10-08 17:30:09 - [INFO] - watchfiles.main - 1 change detected
2025-10-08 17:30:10 - [INFO] - watchfiles.main - 1 change detected
2025-10-08 17:30:10 - [INFO] - watchfiles.main - 1 change detected
2025-10-08 17:30:11 - [INFO] - watchfiles.main - 1 change detected
2025-10-08 17:30:11 - [INFO] - watchfiles.main - 1 change detected
2025-10-08 17:30:11 - [INFO] - watchfiles.main - 1 change detected
2025-10-08 17:30:12 - [INFO] - watchfiles.main - 1 change detected
2025-10-08 17:30:12 - [INFO] - watchfiles.main - 1 change detected
2025-10-08 17:30:13 - [INFO] - watchfiles.main - 1 change detected
2025-10-08 17:30:13 - [INFO] - watchfiles.main - 1 change detected
2025-10-08 17:30:13 - [INFO] - watchfiles.main - 1 change detected
2025-10-08 17:30:14 - [INFO] - watchfiles.main - 1 change detected
2025-10-08 17:30:14 - [INFO] - watchfiles.main - 1 change detected
2025-10-08 17:30:15 - [INFO] - watchfiles.main - 1 change detected
2025-10-08 17:30:15 - [INFO] - watchfiles.main - 1 change detected
2025-10-08 17:30:15 - [INFO] - watchfiles.main - 1 change detected
2025-10-08 17:30:16 - [INFO] - watchfiles.main - 1 change detected
2025-10-08 17:30:16 - [INFO] - watchfiles.main - 1 change detected
2025-10-08 17:30:17 - [INFO] - watchfiles.main - 1 change detected
2025-10-08 17:30:17 - [INFO] - sqlalchemy.engine.Engine - BEGIN (implicit)
2025-10-08 17:30:17 - [INFO] - sqlalchemy.engine.Engine - SELECT apikey.id, apikey.key_hash, apikey.created_at 
FROM apikey
2025-10-08 17:30:17 - [INFO] - sqlalchemy.engine.Engine - [cached since 170.3s ago] {}
2025-10-08 17:30:17 - [INFO] - sqlalchemy.engine.Engine - ROLLBACK
2025-10-08 17:30:17 - [INFO] - watchfiles.main - 1 change detected
2025-10-08 17:30:17 - [INFO] - watchfiles.main - 1 change detected
2025-10-08 17:30:18 - [INFO] - watchfiles.main - 1 change detected
2025-10-08 17:30:18 - [INFO] - watchfiles.main - 1 change detected
2025-10-08 17:30:19 - [INFO] - watchfiles.main - 1 change detected
2025-10-08 17:30:19 - [INFO] - watchfiles.main - 1 change detected
2025-10-08 17:30:19 - [INFO] - watchfiles.main - 1 change detected
2025-10-08 17:30:20 - [INFO] - watchfiles.main - 1 change detected
2025-10-08 17:30:20 - [INFO] - watchfiles.main - 1 change detected
2025-10-08 17:30:21 - [INFO] - watchfiles.main - 1 change detected
2025-10-08 17:30:21 - [INFO] - watchfiles.main - 1 change detected
2025-10-08 17:30:21 - [INFO] - watchfiles.main - 1 change detected
2025-10-08 17:30:22 - [INFO] - watchfiles.main - 1 change detected
2025-10-08 17:30:22 - [INFO] - watchfiles.main - 1 change detected
2025-10-08 17:30:23 - [INFO] - watchfiles.main - 1 change detected
2025-10-08 17:30:23 - [INFO] - watchfiles.main - 1 change detected
2025-10-08 17:30:23 - [INFO] - watchfiles.main - 1 change detected
2025-10-08 17:30:24 - [INFO] - watchfiles.main - 1 change detected
2025-10-08 17:30:24 - [INFO] - watchfiles.main - 1 change detected
2025-10-08 17:30:25 - [INFO] - watchfiles.main - 1 change detected
2025-10-08 17:30:25 - [INFO] - watchfiles.main - 1 change detected
2025-10-08 17:30:25 - [INFO] - watchfiles.main - 1 change detected
2025-10-08 17:30:26 - [INFO] - watchfiles.main - 1 change detected
2025-10-08 17:30:26 - [INFO] - watchfiles.main - 1 change detected
2025-10-08 17:30:27 - [INFO] - watchfiles.main - 1 change detected
2025-10-08 17:30:27 - [INFO] - watchfiles.main - 1 change detected
2025-10-08 17:30:27 - [INFO] - watchfiles.main - 1 change detected
2025-10-08 17:30:28 - [INFO] - watchfiles.main - 1 change detected
2025-10-08 17:30:28 - [INFO] - watchfiles.main - 1 change detected
2025-10-08 17:30:29 - [INFO] - watchfiles.main - 1 change detected
2025-10-08 17:30:29 - [INFO] - watchfiles.main - 1 change detected
2025-10-08 17:30:29 - [INFO] - watchfiles.main - 1 change detected
2025-10-08 17:30:30 - [INFO] - watchfiles.main - 1 change detected
2025-10-08 17:30:30 - [INFO] - watchfiles.main - 1 change detected
2025-10-08 17:30:31 - [INFO] - watchfiles.main - 1 change detected
2025-10-08 17:30:31 - [INFO] - watchfiles.main - 1 change detected
2025-10-08 17:30:31 - [INFO] - watchfiles.main - 1 change detected
2025-10-08 17:30:32 - [INFO] - watchfiles.main - 1 change detected
2025-10-08 17:30:32 - [INFO] - watchfiles.main - 1 change detected
2025-10-08 17:30:33 - [INFO] - watchfiles.main - 1 change detected
2025-10-08 17:30:33 - [INFO] - watchfiles.main - 1 change detected
2025-10-08 17:30:33 - [INFO] - watchfiles.main - 1 change detected
2025-10-08 17:30:34 - [INFO] - watchfiles.main - 1 change detected
2025-10-08 17:30:34 - [INFO] - sqlalchemy.engine.Engine - BEGIN (implicit)
2025-10-08 17:30:34 - [INFO] - sqlalchemy.engine.Engine - SELECT apikey.id, apikey.key_hash, apikey.created_at 
FROM apikey 
WHERE apikey.key_hash = %(key_hash_1)s
2025-10-08 17:30:34 - [INFO] - sqlalchemy.engine.Engine - [cached since 81.9s ago] {'key_hash_1': '03ac674216f3e15c761ee1a5e255f067953623c8b388b4459e13f978d7c846f4'}
2025-10-08 17:30:34 - [INFO] - sqlalchemy.engine.Engine - INSERT INTO apikey (id, key_hash, created_at) VALUES (%(id)s::UUID, %(key_hash)s, %(created_at)s)
2025-10-08 17:30:34 - [INFO] - sqlalchemy.engine.Engine - [cached since 187.4s ago] {'id': UUID('9d10eabc-d87b-4c29-8f50-24b80dca91df'), 'key_hash': 'a665a45920422f9d417e4867efdc4fb8a04a1f3fff1fa07e998e86f7f7a27ae3', 'created_at': datetime.datetime(2025, 10, 8, 22, 30, 34, 453449, tzinfo=datetime.timezone.utc)}
2025-10-08 17:30:34 - [INFO] - sqlalchemy.engine.Engine - COMMIT
2025-10-08 17:30:34 - [INFO] - sqlalchemy.engine.Engine - BEGIN (implicit)
2025-10-08 17:30:34 - [INFO] - sqlalchemy.engine.Engine - SELECT apikey.id, apikey.key_hash, apikey.created_at 
FROM apikey 
WHERE apikey.id = %(pk_1)s::UUID
2025-10-08 17:30:34 - [INFO] - sqlalchemy.engine.Engine - [cached since 187.4s ago] {'pk_1': UUID('9d10eabc-d87b-4c29-8f50-24b80dca91df')}
2025-10-08 17:30:34 - [INFO] - shortener - New API Key generated: 123****
2025-10-08 17:30:34 - [INFO] - sqlalchemy.engine.Engine - ROLLBACK
2025-10-08 17:30:34 - [INFO] - watchfiles.main - 1 change detected
2025-10-08 17:30:35 - [INFO] - watchfiles.main - 1 change detected
2025-10-08 17:30:35 - [INFO] - watchfiles.main - 1 change detected
2025-10-08 17:30:35 - [INFO] - watchfiles.main - 1 change detected
2025-10-08 17:30:36 - [INFO] - watchfiles.main - 1 change detected
2025-10-08 17:30:36 - [INFO] - watchfiles.main - 1 change detected
2025-10-08 17:30:37 - [INFO] - watchfiles.main - 1 change detected
2025-10-08 17:30:37 - [INFO] - watchfiles.main - 1 change detected
2025-10-08 17:30:37 - [INFO] - watchfiles.main - 1 change detected
2025-10-08 17:30:38 - [INFO] - watchfiles.main - 1 change detected
2025-10-08 17:30:38 - [INFO] - watchfiles.main - 1 change detected
2025-10-08 17:30:39 - [INFO] - watchfiles.main - 1 change detected
2025-10-08 17:30:39 - [INFO] - watchfiles.main - 1 change detected
2025-10-08 17:30:39 - [INFO] - watchfiles.main - 1 change detected
2025-10-08 17:30:40 - [INFO] - watchfiles.main - 1 change detected
2025-10-08 17:30:40 - [INFO] - watchfiles.main - 1 change detected
2025-10-08 17:30:41 - [INFO] - watchfiles.main - 1 change detected
2025-10-08 17:30:41 - [INFO] - watchfiles.main - 1 change detected
2025-10-08 17:30:41 - [INFO] - uvicorn.error - Shutting down
2025-10-08 17:30:41 - [INFO] - uvicorn.error - Waiting for application shutdown.
2025-10-08 17:30:41 - [INFO] - uvicorn.error - Application shutdown complete.
2025-10-08 17:30:41 - [INFO] - uvicorn.error - Finished server process [24912]
2025-10-08 17:30:41 - [INFO] - uvicorn.error - Stopping reloader process [38732]
